checksource: improper character \x09 = ^I (tab)
   file "scanner.c": 1586 errors: lines 125, 132--133, 217--219, 
        222--227, 239, 241, 247--248, 250--253, 255--258, 260--264, 
        266--271, 273--277, 282--285, 287, 291--300, 303, 342--342, 
        347--348, 385--386, 388--388, 390--392, 395--396, 398--398, 
        400--402, 440, 442--444, 446, 454--457, 681--707, 778, 786--788, 
        796--798, 801--801, 804--805, 807--807, 809--809, 814--814, 
        816--816, 821--825, 827--828, 830--831, 833--833, 835--836, 
        838--841, 844--844, 846--863, 867--873, 875--875, 879, 882--896, 
        898--899, 901--906, 913, 918, 923, 928, 931, 933--936, 938--940, 
        942--956, 958--967, 969--969, 971--971, 973--980, 982--982, 
        984--984, 986--992, 994--995, 997--1000, 1002--1006, 1008--1019, 
        1021--1023, 1025--1031, 1033--1035, 1037--1037, 1039--1041, 
        1043--1045, 1047--1047, 1049--1054, 1056--1060, 1074--1076, 
        1084--1087, 1089--1091, 1093--1101, 1103--1110, 1112, 
        1114--1115, 1117--1118, 1120--1124, 1126--1129, 1131--1132, 
        1134--1135, 1137--1138, 1140--1142, 1144--1147, 1149--1155, 
        1157--1159, 1161--1161, 1163--1164, 1166--1166, 1168--1169, 
        1171--1173, 1175--1176, 1178--1184, 1186--1192, 1194--1195, 
        1197--1203, 1205--1207, 1209, 1211, 1224--1225, 1228, 
        1230--1231, 1233--1246, 1248, 1254, 1262, 1264, 1266--1279, 
        1281, 1300, 1302, 1304--1312, 1314--1317, 1319--1330, 
        1332--1333, 1335--1335, 1337--1340, 1342--1343, 1345--1345, 
        1347--1347, 1349--1349, 1351--1356, 1358--1360, 1364, 1367, 
        1382, 1384--1384, 1386, 1388--1389, 1403--1406, 1408--1410, 
        1412--1418, 1420--1421, 1423--1428, 1437--1440, 1455, 
        1457--1459, 1461, 1463--1468, 1470, 1472, 1474, 1488--1489, 
        1491--1492, 1494--1495, 1497, 1522, 1524, 1526--1527, 1545, 
        1558--1559, 1561, 1563--1568, 1570, 1572--1573, 1575--1576, 
        1592--1593, 1595, 1597--1604, 1606--1609, 1611--1613, 
        1628--1629, 1631--1634, 1636--1639, 1653, 1655, 1657--1659, 
        1661--1673, 1675, 1677--1678, 1680--1686, 1688--1691, 1704, 
        1706--1710, 1712--1714, 1716--1724, 1726, 1728, 1744, 
        1758--1761, 1763--1767, 1769--1770, 1772, 1774--1776, 
        1778--1781, 1783, 1794--1795, 1805--1807, 1810--1816, 
        1948--1952, 1954--1956, 1975--1977, 1984--1986, 1988, 1994, 
        1999--2006, 2011--2011
checksource: line length > 72 characters
   file "scanner.c": 48 errors: lines 37, 164, 170, 190, 215, 330, 333, 
        406, 441, 445, 448, 557, 675, 680, 714, 854, 860, 965, 996, 
        1089, 1120, 1197, 1199--1200, 1206--1207, 1214, 1227, 1230, 
        1245, 1257, 1263, 1278, 1310, 1373, 1445, 1548--1549, 1657, 
        1668, 1689, 1696, 1733, 1749, 1756, 1916, 1942, 1958
checksource: TOTAL COMPLAINTS: 1634
